
*** Running xst
    with args -ifn top.xst -ofn top.srp -intstyle ise

Reading design: top.prj

=========================================================================
*                          HDL Parsing                                  *
=========================================================================
Analyzing Verilog file "/home/gilgamesh/code/fpga/SevenSeg/SevenSeg.srcs/sources_1/new/SevenSeg.v" into library work
Parsing module <SevenSeg>.
Analyzing Verilog file "/home/gilgamesh/code/fpga/SevenSeg/SevenSeg.srcs/sources_1/new/top.v" into library work
Parsing module <top>.

=========================================================================
*                            HDL Elaboration                            *
=========================================================================

Elaborating module <top>.

Elaborating module <SevenSeg>.

=========================================================================
*                           HDL Synthesis                               *
=========================================================================

Synthesizing Unit <top>.
    Related source file is "/home/gilgamesh/code/fpga/SevenSeg/SevenSeg.srcs/sources_1/new/top.v".
    Summary:
	no macro.
Unit <top> synthesized.

Synthesizing Unit <SevenSeg>.
    Related source file is "/home/gilgamesh/code/fpga/SevenSeg/SevenSeg.srcs/sources_1/new/SevenSeg.v".
    Summary:
	no macro.
Unit <SevenSeg> synthesized.

=========================================================================
HDL Synthesis Report

Found no macro
=========================================================================

=========================================================================
*                       Advanced HDL Synthesis                          *
=========================================================================


=========================================================================
Advanced HDL Synthesis Report

Found no macro
=========================================================================

=========================================================================
*                         Low Level Synthesis                           *
=========================================================================

Optimizing unit <top> ...

Mapping all equations...
Building and optimizing final netlist ...
Found area constraint ratio of 100 (+ 0) on block top, actual ratio is 0.

Final Macro Processing ...

=========================================================================
Final Register Report

Found no macro
=========================================================================

=========================================================================
*                           Partition Report                            *
=========================================================================

Partition Implementation Status
-------------------------------

  No Partitions were found in this design.

-------------------------------

=========================================================================
*                            Design Summary                             *
=========================================================================

Clock Information:
------------------
No clock signals found in this design

Asynchronous Control Signals Information:
----------------------------------------
No asynchronous control signals found in this design

Timing Summary:
---------------
Speed Grade: -2

   Minimum period: No path found
   Minimum input arrival time before clock: No path found
   Maximum output required time after clock: No path found
   Maximum combinational path delay: 6.361ns

=========================================================================
